<?xml version="1.0" encoding="UTF-8" ?>
<testsuite failures="0" time="0.16" errors="0" skipped="0" tests="1" name="org.eclipse.jetty.uriqa.AppTest">
  <properties>
    <property name="java.vendor" value="Sun Microsystems Inc."/>
    <property name="env.SESSION_MANAGER" value="local/venkatesh-netbook:@/tmp/.ICE-unix/1354,unix/venkatesh-netbook:/tmp/.ICE-unix/1354"/>
    <property name="env.LESSOPEN" value="| /usr/bin/lesspipe %s"/>
    <property name="localRepository" value="/home/venkatesh/.m2/repository"/>
    <property name="sun.java.launcher" value="SUN_STANDARD"/>
    <property name="sun.management.compiler" value="HotSpot Client Compiler"/>
    <property name="os.name" value="Linux"/>
    <property name="sun.boot.class.path" value="/usr/lib/jvm/java-6-sun-1.6.0.20/jre/lib/resources.jar:/usr/lib/jvm/java-6-sun-1.6.0.20/jre/lib/rt.jar:/usr/lib/jvm/java-6-sun-1.6.0.20/jre/lib/sunrsasign.jar:/usr/lib/jvm/java-6-sun-1.6.0.20/jre/lib/jsse.jar:/usr/lib/jvm/java-6-sun-1.6.0.20/jre/lib/jce.jar:/usr/lib/jvm/java-6-sun-1.6.0.20/jre/lib/charsets.jar:/usr/lib/jvm/java-6-sun-1.6.0.20/jre/classes"/>
    <property name="env.PWD" value="/home/venkatesh/Work/5-1/Dissertation/eclipse/trunk/jetty-uriqa"/>
    <property name="env.XDG_SESSION_COOKIE" value="8b748e69ee65fd1d5cefb7b24bba9268-1272949661.21788-790547233"/>
    <property name="sun.desktop" value="gnome"/>
    <property name="env.LANG" value="en_IN"/>
    <property name="java.vm.specification.vendor" value="Sun Microsystems Inc."/>
    <property name="java.runtime.version" value="1.6.0_20-b02"/>
    <property name="env.DEFAULTS_PATH" value="/usr/share/gconf/une.default.path"/>
    <property name="env.DISPLAY" value=":0.0"/>
    <property name="user.name" value="venkatesh"/>
    <property name="env._" value="/usr/bin/mvn"/>
    <property name="env.USER" value="venkatesh"/>
    <property name="env.SHELL" value="/bin/bash"/>
    <property name="env.DESKTOP_SESSION" value="une"/>
    <property name="env.XDG_DATA_DIRS" value="/usr/share/gnome:/usr/local/share/:/usr/share/"/>
    <property name="env.NLSPATH" value="/usr/dt/lib/nls/msg/%L/%N.cat"/>
    <property name="env.PATH" value="/usr/local/sbin:/usr/local/bin:/usr/sbin:/usr/bin:/sbin:/bin:/usr/games:/opt/eclipse:/opt/eclipse"/>
    <property name="env.FIGNORE" value=".svn"/>
    <property name="user.language" value="en"/>
    <property name="sun.boot.library.path" value="/usr/lib/jvm/java-6-sun-1.6.0.20/jre/lib/i386"/>
    <property name="classworlds.conf" value="/usr/share/maven2/bin/m2.conf"/>
    <property name="java.version" value="1.6.0_20"/>
    <property name="user.timezone" value="Asia/Kolkata"/>
    <property name="env.DBUS_SESSION_BUS_ADDRESS" value="unix:abstract=/tmp/dbus-Vssj4iJIHF,guid=e0c3c5e145bec7054d38e4af4bdfab9d"/>
    <property name="sun.arch.data.model" value="32"/>
    <property name="java.endorsed.dirs" value="/usr/lib/jvm/java-6-sun-1.6.0.20/jre/lib/endorsed"/>
    <property name="sun.cpu.isalist" value=""/>
    <property name="sun.jnu.encoding" value="UTF-8"/>
    <property name="file.encoding.pkg" value="sun.io"/>
    <property name="env.SHLVL" value="1"/>
    <property name="file.separator" value="/"/>
    <property name="java.specification.name" value="Java Platform API Specification"/>
    <property name="env.GNOME_DESKTOP_SESSION_ID" value="this-is-deprecated"/>
    <property name="java.class.version" value="50.0"/>
    <property name="env.GDMSESSION" value="une"/>
    <property name="env.GDM_KEYBOARD_LAYOUT" value="us"/>
    <property name="user.country" value="IN"/>
    <property name="env.GNOME_KEYRING_PID" value="1336"/>
    <property name="java.home" value="/usr/lib/jvm/java-6-sun-1.6.0.20/jre"/>
    <property name="java.vm.info" value="mixed mode, sharing"/>
    <property name="env.LOGNAME" value="venkatesh"/>
    <property name="os.version" value="2.6.32-21-generic"/>
    <property name="path.separator" value=":"/>
    <property name="java.vm.version" value="16.3-b01"/>
    <property name="java.awt.printerjob" value="sun.print.PSPrinterJob"/>
    <property name="env.TERM" value="xterm"/>
    <property name="sun.io.unicode.encoding" value="UnicodeLittle"/>
    <property name="env.DESKTOP_AUTOSTART_ID" value="10101e011db72541be127294966261522500000013540008"/>
    <property name="env.GDM_LANG" value="en_IN"/>
    <property name="user.home" value="/home/venkatesh"/>
    <property name="env.OLDPWD" value="/home/venkatesh/Work/5-1/Dissertation/eclipse/trunk/jetty-servlet"/>
    <property name="java.specification.vendor" value="Sun Microsystems Inc."/>
    <property name="java.library.path" value="/usr/lib/jvm/java-6-sun-1.6.0.20/jre/lib/i386/client:/usr/lib/jvm/java-6-sun-1.6.0.20/jre/lib/i386:/usr/lib/jvm/java-6-sun-1.6.0.20/jre/../lib/i386:/usr/java/packages/lib/i386:/lib:/usr/lib"/>
    <property name="java.vendor.url" value="http://java.sun.com/"/>
    <property name="java.vm.vendor" value="Sun Microsystems Inc."/>
    <property name="maven.home" value="/usr/share/maven2"/>
    <property name="java.runtime.name" value="Java(TM) SE Runtime Environment"/>
    <property name="java.class.path" value="/usr/share/maven2/boot/classworlds.jar"/>
    <property name="env.XFILESEARCHPATH" value="/usr/dt/app-defaults/%L/Dt"/>
    <property name="java.vm.specification.name" value="Java Virtual Machine Specification"/>
    <property name="java.vm.specification.version" value="1.0"/>
    <property name="sun.cpu.endian" value="little"/>
    <property name="sun.os.patch.level" value="unknown"/>
    <property name="env.HOME" value="/home/venkatesh"/>
    <property name="surefire.test.class.path" value="/home/venkatesh/Work/5-1/Dissertation/eclipse/trunk/jetty-uriqa/target/test-classes:/home/venkatesh/Work/5-1/Dissertation/eclipse/trunk/jetty-uriqa/target/classes:/home/venkatesh/.m2/repository/junit/junit/3.8.1/junit-3.8.1.jar:/home/venkatesh/.m2/repository/org/eclipse/jetty/jetty-server/7.1.0-SNAPSHOT/jetty-server-7.1.0-SNAPSHOT.jar:/home/venkatesh/.m2/repository/javax/servlet/servlet-api/2.5/servlet-api-2.5.jar:/home/venkatesh/.m2/repository/org/eclipse/jetty/jetty-continuation/7.1.0-SNAPSHOT/jetty-continuation-7.1.0-SNAPSHOT.jar:/home/venkatesh/.m2/repository/org/eclipse/jetty/jetty-http/7.1.0-SNAPSHOT/jetty-http-7.1.0-SNAPSHOT.jar:/home/venkatesh/.m2/repository/org/eclipse/jetty/jetty-io/7.1.0-SNAPSHOT/jetty-io-7.1.0-SNAPSHOT.jar:/home/venkatesh/.m2/repository/org/eclipse/jetty/jetty-util/7.1.0-SNAPSHOT/jetty-util-7.1.0-SNAPSHOT.jar:/home/venkatesh/.m2/repository/com/hp/hpl/jena/jena/2.6.2/jena-2.6.2.jar:/home/venkatesh/.m2/repository/com/hp/hpl/jena/iri/0.7/iri-0.7.jar:/home/venkatesh/.m2/repository/com/ibm/icu/icu4j/3.4.4/icu4j-3.4.4.jar:/home/venkatesh/.m2/repository/org/slf4j/slf4j-api/1.5.10/slf4j-api-1.5.10.jar:/home/venkatesh/.m2/repository/xerces/xercesImpl/2.7.1/xercesImpl-2.7.1.jar:/home/venkatesh/.m2/repository/org/slf4j/slf4j-log4j12/1.5.6/slf4j-log4j12-1.5.6.jar:/home/venkatesh/.m2/repository/log4j/log4j/1.2.13/log4j-1.2.13.jar:"/>
    <property name="java.io.tmpdir" value="/tmp"/>
    <property name="env.LD_LIBRARY_PATH" value="/usr/lib/jvm/java-6-sun-1.6.0.20/jre/lib/i386/client:/usr/lib/jvm/java-6-sun-1.6.0.20/jre/lib/i386:/usr/lib/jvm/java-6-sun-1.6.0.20/jre/../lib/i386"/>
    <property name="env.LS_COLORS" value="rs=0:di=01;34:ln=01;36:hl=44;37:pi=40;33:so=01;35:do=01;35:bd=40;33;01:cd=40;33;01:or=40;31;01:su=37;41:sg=30;43:ca=30;41:tw=30;42:ow=34;42:st=37;44:ex=01;32:*.tar=01;31:*.tgz=01;31:*.arj=01;31:*.taz=01;31:*.lzh=01;31:*.lzma=01;31:*.zip=01;31:*.z=01;31:*.Z=01;31:*.dz=01;31:*.gz=01;31:*.bz2=01;31:*.bz=01;31:*.tbz2=01;31:*.tz=01;31:*.deb=01;31:*.rpm=01;31:*.jar=01;31:*.rar=01;31:*.ace=01;31:*.zoo=01;31:*.cpio=01;31:*.7z=01;31:*.rz=01;31:*.jpg=01;35:*.jpeg=01;35:*.gif=01;35:*.bmp=01;35:*.pbm=01;35:*.pgm=01;35:*.ppm=01;35:*.tga=01;35:*.xbm=01;35:*.xpm=01;35:*.tif=01;35:*.tiff=01;35:*.png=01;35:*.svg=01;35:*.svgz=01;35:*.mng=01;35:*.pcx=01;35:*.mov=01;35:*.mpg=01;35:*.mpeg=01;35:*.m2v=01;35:*.mkv=01;35:*.ogm=01;35:*.mp4=01;35:*.m4v=01;35:*.mp4v=01;35:*.vob=01;35:*.qt=01;35:*.nuv=01;35:*.wmv=01;35:*.asf=01;35:*.rm=01;35:*.rmvb=01;35:*.flc=01;35:*.avi=01;35:*.fli=01;35:*.flv=01;35:*.gl=01;35:*.dl=01;35:*.xcf=01;35:*.xwd=01;35:*.yuv=01;35:*.axv=01;35:*.anx=01;35:*.ogv=01;35:*.ogx=01;35:*.aac=00;36:*.au=00;36:*.flac=00;36:*.mid=00;36:*.midi=00;36:*.mka=00;36:*.mp3=00;36:*.mpc=00;36:*.ogg=00;36:*.ra=00;36:*.wav=00;36:*.axa=00;36:*.oga=00;36:*.spx=00;36:*.xspf=00;36:"/>
    <property name="java.vendor.url.bug" value="http://java.sun.com/cgi-bin/bugreport.cgi"/>
    <property name="env.SSH_AUTH_SOCK" value="/tmp/keyring-Myr6ey/ssh"/>
    <property name="java.awt.graphicsenv" value="sun.awt.X11GraphicsEnvironment"/>
    <property name="os.arch" value="i386"/>
    <property name="java.ext.dirs" value="/usr/lib/jvm/java-6-sun-1.6.0.20/jre/lib/ext:/usr/java/packages/lib/ext"/>
    <property name="user.dir" value="/home/venkatesh/Work/5-1/Dissertation/eclipse/trunk/jetty-uriqa"/>
    <property name="env.XAUTHORITY" value="/var/run/gdm/auth-for-venkatesh-dZO1BZ/database"/>
    <property name="env.MANDATORY_PATH" value="/usr/share/gconf/une.mandatory.path"/>
    <property name="env.SPEECHD_PORT" value="7560"/>
    <property name="env.GTK_MODULES" value="canberra-gtk-module"/>
    <property name="line.separator" value="
"/>
    <property name="java.vm.name" value="Java HotSpot(TM) Client VM"/>
    <property name="basedir" value="/home/venkatesh/Work/5-1/Dissertation/eclipse/trunk/jetty-uriqa"/>
    <property name="env.ORBIT_SOCKETDIR" value="/tmp/orbit-venkatesh"/>
    <property name="env.USERNAME" value="venkatesh"/>
    <property name="file.encoding" value="UTF-8"/>
    <property name="env.GPG_AGENT_INFO" value="/tmp/seahorse-ZaGJ6E/S.gpg-agent:1398:1"/>
    <property name="java.specification.version" value="1.6"/>
    <property name="env.GNOME_KEYRING_CONTROL" value="/tmp/keyring-Myr6ey"/>
    <property name="env.XDG_CONFIG_DIRS" value="/etc/xdg/xdg-une:/etc/xdg"/>
    <property name="env.LESSCLOSE" value="/usr/bin/lesspipe %s %s"/>
  </properties>
  <testcase time="0.026" classname="org.eclipse.jetty.uriqa.AppTest" name="testApp"/>
</testsuite>